Determining if the pthread_create exist failed with the following output:
Change Dir: /home/youngdong/ROS/keyboard_teleop/build/CMakeFiles/CMakeTmp

Run Build Command:"/usr/bin/make" "cmTryCompileExec3394503490/fast"
/usr/bin/make -f CMakeFiles/cmTryCompileExec3394503490.dir/build.make CMakeFiles/cmTryCompileExec3394503490.dir/build
make[1]: Entering directory `/home/youngdong/ROS/keyboard_teleop/build/CMakeFiles/CMakeTmp'
/usr/bin/cmake -E cmake_progress_report /home/youngdong/ROS/keyboard_teleop/build/CMakeFiles/CMakeTmp/CMakeFiles 1
Building C object CMakeFiles/cmTryCompileExec3394503490.dir/CheckSymbolExists.c.o
/usr/bin/cc    -o CMakeFiles/cmTryCompileExec3394503490.dir/CheckSymbolExists.c.o   -c /home/youngdong/ROS/keyboard_teleop/build/CMakeFiles/CMakeTmp/CheckSymbolExists.c
Linking C executable cmTryCompileExec3394503490
/usr/bin/cmake -E cmake_link_script CMakeFiles/cmTryCompileExec3394503490.dir/link.txt --verbose=1
/usr/bin/cc       CMakeFiles/cmTryCompileExec3394503490.dir/CheckSymbolExists.c.o  -o cmTryCompileExec3394503490 -rdynamic 
CMakeFiles/cmTryCompileExec3394503490.dir/CheckSymbolExists.c.o: In function `main':
CheckSymbolExists.c:(.text+0x16): undefined reference to `pthread_create'
collect2: error: ld returned 1 exit status
make[1]: Leaving directory `/home/youngdong/ROS/keyboard_teleop/build/CMakeFiles/CMakeTmp'
make[1]: *** [cmTryCompileExec3394503490] Error 1
make: *** [cmTryCompileExec3394503490/fast] Error 2

File /home/youngdong/ROS/keyboard_teleop/build/CMakeFiles/CMakeTmp/CheckSymbolExists.c:
/* */
#include <pthread.h>

int main(int argc, char** argv)
{
  (void)argv;
#ifndef pthread_create
  return ((int*)(&pthread_create))[argc];
#else
  (void)argc;
  return 0;
#endif
}

Determining if the function pthread_create exists in the pthreads failed with the following output:
Change Dir: /home/youngdong/ROS/keyboard_teleop/build/CMakeFiles/CMakeTmp

Run Build Command:"/usr/bin/make" "cmTryCompileExec3660100049/fast"
/usr/bin/make -f CMakeFiles/cmTryCompileExec3660100049.dir/build.make CMakeFiles/cmTryCompileExec3660100049.dir/build
make[1]: Entering directory `/home/youngdong/ROS/keyboard_teleop/build/CMakeFiles/CMakeTmp'
/usr/bin/cmake -E cmake_progress_report /home/youngdong/ROS/keyboard_teleop/build/CMakeFiles/CMakeTmp/CMakeFiles 1
Building C object CMakeFiles/cmTryCompileExec3660100049.dir/CheckFunctionExists.c.o
/usr/bin/cc   -DCHECK_FUNCTION_EXISTS=pthread_create   -o CMakeFiles/cmTryCompileExec3660100049.dir/CheckFunctionExists.c.o   -c /usr/share/cmake-3.2/Modules/CheckFunctionExists.c
Linking C executable cmTryCompileExec3660100049
/usr/bin/cmake -E cmake_link_script CMakeFiles/cmTryCompileExec3660100049.dir/link.txt --verbose=1
/usr/bin/cc   -DCHECK_FUNCTION_EXISTS=pthread_create    CMakeFiles/cmTryCompileExec3660100049.dir/CheckFunctionExists.c.o  -o cmTryCompileExec3660100049 -rdynamic -lpthreads 
/usr/bin/ld: cannot find -lpthreads
collect2: error: ld returned 1 exit status
make[1]: Leaving directory `/home/youngdong/ROS/keyboard_teleop/build/CMakeFiles/CMakeTmp'
make[1]: *** [cmTryCompileExec3660100049] Error 1
make: *** [cmTryCompileExec3660100049/fast] Error 2


